[debug] [2025-06-26T12:36:37.351Z] ----------------------------------------------------------------------
[debug] [2025-06-26T12:36:37.355Z] Command:       D:\Applications\apache\node.exe C:\Users\abela\AppData\Roaming\npm\node_modules\firebase-tools\lib\bin\firebase.js init
[debug] [2025-06-26T12:36:37.358Z] CLI Version:   14.8.0
[debug] [2025-06-26T12:36:37.358Z] Platform:      win32
[debug] [2025-06-26T12:36:37.358Z] Node Version:  v22.16.0
[debug] [2025-06-26T12:36:37.359Z] Time:          Thu Jun 26 2025 14:36:37 GMT+0200 (Central Africa Time)
[debug] [2025-06-26T12:36:37.359Z] ----------------------------------------------------------------------
[debug] 
[debug] [2025-06-26T12:36:37.370Z] > command requires scopes: ["email","openid","https://www.googleapis.com/auth/cloudplatformprojects.readonly","https://www.googleapis.com/auth/firebase","https://www.googleapis.com/auth/cloud-platform"]
[debug] [2025-06-26T12:36:37.371Z] > authorizing via signed-in user (abel.abebe.akalu@gmail.com)
[info] 
     ######## #### ########  ######## ########     ###     ######  ########
     ##        ##  ##     ## ##       ##     ##  ##   ##  ##       ##
     ######    ##  ########  ######   ########  #########  ######  ######
     ##        ##  ##    ##  ##       ##     ## ##     ##       ## ##
     ##       #### ##     ## ######## ########  ##     ##  ######  ########

You're about to initialize a Firebase project in this directory:

  C:\Users\abela\OneDrive\Desktop\ACTIVE PROJECTS\1.-MUST-E-PORTAL\Website\react-app

[info] 
=== Project Setup
[info] 
[info] First, let's associate this project directory with a Firebase project.
[info] You can create multiple project aliases by running firebase use --add, 
[info] but for now we'll just set up a default project.
[info] 
[debug] [2025-06-26T12:39:01.387Z] Checked if tokens are valid: true, expires at: 1750944984781
[debug] [2025-06-26T12:39:01.387Z] Checked if tokens are valid: true, expires at: 1750944984781
[debug] [2025-06-26T12:39:01.388Z] >>> [apiv2][query] GET https://firebase.googleapis.com/v1beta1/projects pageSize=100
[debug] [2025-06-26T12:39:02.510Z] <<< [apiv2][status] GET https://firebase.googleapis.com/v1beta1/projects 200
[debug] [2025-06-26T12:39:02.511Z] <<< [apiv2][body] GET https://firebase.googleapis.com/v1beta1/projects [omitted]
[info] i  Using project must-e-portal-b29d0 (must-e-portal) 
[info] 
=== Firestore Setup
[info] i  firestore: ensuring required API firestore.googleapis.com is enabled... 
[debug] [2025-06-26T12:39:05.363Z] Checked if tokens are valid: true, expires at: 1750944984781
[debug] [2025-06-26T12:39:05.363Z] Checked if tokens are valid: true, expires at: 1750944984781
[debug] [2025-06-26T12:39:05.363Z] >>> [apiv2][query] GET https://serviceusage.googleapis.com/v1/projects/must-e-portal-b29d0/services/firestore.googleapis.com [none]
[debug] [2025-06-26T12:39:05.363Z] >>> [apiv2][(partial)header] GET https://serviceusage.googleapis.com/v1/projects/must-e-portal-b29d0/services/firestore.googleapis.com x-goog-quota-user=projects/must-e-portal-b29d0
[debug] [2025-06-26T12:39:07.685Z] <<< [apiv2][status] GET https://serviceusage.googleapis.com/v1/projects/must-e-portal-b29d0/services/firestore.googleapis.com 200
[debug] [2025-06-26T12:39:07.686Z] <<< [apiv2][body] GET https://serviceusage.googleapis.com/v1/projects/must-e-portal-b29d0/services/firestore.googleapis.com [omitted]
[info] +  firestore: required API firestore.googleapis.com is enabled 
[debug] [2025-06-26T12:39:07.691Z] Checked if tokens are valid: true, expires at: 1750944984781
[debug] [2025-06-26T12:39:07.692Z] Checked if tokens are valid: true, expires at: 1750944984781
[debug] [2025-06-26T12:39:07.692Z] >>> [apiv2][query] GET https://firestore.googleapis.com/v1/projects/must-e-portal-b29d0/databases [none]
[debug] [2025-06-26T12:39:09.061Z] <<< [apiv2][status] GET https://firestore.googleapis.com/v1/projects/must-e-portal-b29d0/databases 200
[debug] [2025-06-26T12:39:09.061Z] <<< [apiv2][body] GET https://firestore.googleapis.com/v1/projects/must-e-portal-b29d0/databases {"databases":[{"name":"projects/must-e-portal-b29d0/databases/(default)","uid":"fab25327-0a64-4b39-96e9-a8f27e04bd2d","createTime":"2025-06-26T12:25:46.395430Z","updateTime":"2025-06-26T12:25:46.395430Z","locationId":"africa-south1","type":"FIRESTORE_NATIVE","concurrencyMode":"PESSIMISTIC","versionRetentionPeriod":"3600s","earliestVersionTime":"2025-06-26T12:25:46.395430Z","appEngineIntegrationMode":"DISABLED","pointInTimeRecoveryEnablement":"POINT_IN_TIME_RECOVERY_DISABLED","deleteProtectionState":"DELETE_PROTECTION_DISABLED","databaseEdition":"STANDARD","freeTier":true,"etag":"IJHm/MeNj44DMMS4zdSKj44D"}]}
[info] 
[info] Firestore Security Rules allow you to define how and when to allow
[info] requests. You can keep these rules in your project directory
[info] and publish them with firebase deploy.
[info] 
